<?xml version="1.0" encoding="UTF-8"?>
<!-- Generated by org.testng.reporters.JUnitReportReporter -->
<testsuite hostname="DESKTOP-4DT1PGC" failures="0" tests="4" name="com.TestCases.ProductNServicesPageTest" time="121.670" errors="0" timestamp="21 Mar 2019 17:54:13 GMT" skipped="0">
  <testcase classname="com.TestCases.ProductNServicesPageTest" name="CreateNewOrder" time="30.568"/>
  <testcase classname="com.TestCases.ProductNServicesPageTest" name="CreateNewOrder" time="30.554"/>
  <testcase classname="com.TestCases.ProductNServicesPageTest" name="CreateNewOrder" time="30.351"/>
  <testcase classname="com.TestCases.ProductNServicesPageTest" name="CreateNewOrder" time="30.197"/>
</testsuite> <!-- com.TestCases.ProductNServicesPageTest -->
