<?xml version="1.0" encoding="UTF-8"?>
<!-- Generated by org.testng.reporters.JUnitReportReporter -->
<testsuite hostname="DESKTOP-4DT1PGC" failures="0" tests="5" name="com.TestCases.LoginPageTest" time="39.395" errors="0" timestamp="21 Mar 2019 17:59:09 GMT" skipped="0">
  <testcase classname="com.TestCases.LoginPageTest" name="VerifyLogoOfThePage" time="5.708"/>
  <testcase classname="com.TestCases.LoginPageTest" name="VerifyTitleOfThePage" time="5.249"/>
  <testcase classname="com.TestCases.LoginPageTest" name="VerifyLoginPage" time="8.035"/>
  <testcase classname="com.TestCases.LoginPageTest" name="VerifyErrorMessageWithInvalidUserNamePassword" time="12.046"/>
  <testcase classname="com.TestCases.LoginPageTest" name="VerifyUserInHomePage" time="8.357"/>
</testsuite> <!-- com.TestCases.LoginPageTest -->
