<?xml version="1.0" encoding="UTF-8"?>
<!-- Generated by org.testng.reporters.JUnitReportReporter -->
<testsuite hostname="DESKTOP-4DT1PGC" failures="0" tests="5" name="com.TestCases.LoginPageTest" time="43.702" errors="0" timestamp="23 Mar 2019 01:21:52 GMT" skipped="0">
  <testcase classname="com.TestCases.LoginPageTest" name="VerifyLogoOfThePage" time="6.031"/>
  <testcase classname="com.TestCases.LoginPageTest" name="VerifyTitleOfThePage" time="5.830"/>
  <testcase classname="com.TestCases.LoginPageTest" name="VerifyLoginPage" time="8.230"/>
  <testcase classname="com.TestCases.LoginPageTest" name="VerifyErrorMessageWithInvalidUserNamePassword" time="14.929"/>
  <testcase classname="com.TestCases.LoginPageTest" name="VerifyUserInHomePage" time="8.682"/>
</testsuite> <!-- com.TestCases.LoginPageTest -->
